<?xml version="1.0" encoding="UTF-8"?>
<!-- Generated by org.testng.reporters.JUnitReportReporter -->
<testsuite hostname="INBADPBALARAJU" name="newTestMaven.test11" tests="1" failures="0" timestamp="28 Dec 2018 12:00:34 GMT" time="0.006" errors="0">
  <testcase name="sampleMethod" time="0.006" classname="newTestMaven.test11"/>
</testsuite> <!-- newTestMaven.test11 -->
